<?xml version="1.0" encoding="UTF-8"?>
<robot generator="Robot 7.4.2 (Python 3.10.12 on linux)" generated="2026-07-15T07:17:59.239956" rpa="false" schemaversion="5">
<suite id="s1" name="Robot11" source="/home/mniedziolka/PP/Mat_test_repo/T23_b/robot11.robot">
<test id="s1-t1" name="Add Two Positive Numbers" line="5">
<kw name="Add" owner="robot1.MathLibrary">
<msg time="2026-07-15T07:17:59.274146" level="INFO">${result} = 5.0</msg>
<var>${result}</var>
<arg>2</arg>
<arg>3</arg>
<status status="PASS" start="2026-07-15T07:17:59.273742" elapsed="0.000446"/>
</kw>
<kw name="Should Be Equal As Numbers" owner="BuiltIn">
<msg time="2026-07-15T07:17:59.274804" level="INFO">Argument types are:
&lt;class 'float'&gt;
&lt;class 'str'&gt;</msg>
<arg>${result}</arg>
<arg>5</arg>
<doc>Fails if objects are unequal after converting them to real numbers.</doc>
<status status="PASS" start="2026-07-15T07:17:59.274435" elapsed="0.000444"/>
</kw>
<status status="PASS" start="2026-07-15T07:17:59.272872" elapsed="0.002261"/>
</test>
<test id="s1-t2" name="Add Negative Numbers" line="9">
<kw name="Add" owner="robot1.MathLibrary">
<msg time="2026-07-15T07:17:59.276249" level="INFO">${result} = -2.0</msg>
<var>${result}</var>
<arg>-1</arg>
<arg>-1</arg>
<status status="PASS" start="2026-07-15T07:17:59.275984" elapsed="0.000297"/>
</kw>
<kw name="Should Be Equal As Numbers" owner="BuiltIn">
<msg time="2026-07-15T07:17:59.276843" level="INFO">Argument types are:
&lt;class 'float'&gt;
&lt;class 'str'&gt;</msg>
<arg>${result}</arg>
<arg>-2</arg>
<doc>Fails if objects are unequal after converting them to real numbers.</doc>
<status status="PASS" start="2026-07-15T07:17:59.276467" elapsed="0.000442"/>
</kw>
<status status="PASS" start="2026-07-15T07:17:59.275569" elapsed="0.001546"/>
</test>
<test id="s1-t3" name="Divide Normal" line="13">
<kw name="Divide" owner="robot1.MathLibrary">
<msg time="2026-07-15T07:17:59.278089" level="INFO">${result} = 3.3333333333333335</msg>
<var>${result}</var>
<arg>10</arg>
<arg>3</arg>
<status status="PASS" start="2026-07-15T07:17:59.277808" elapsed="0.000322"/>
</kw>
<kw name="Should Be True" owner="BuiltIn">
<arg>${result} &gt; 3.333 and ${result} &lt; 3.334</arg>
<doc>Fails if the given condition is not true.</doc>
<status status="PASS" start="2026-07-15T07:17:59.278394" elapsed="0.000544"/>
</kw>
<status status="PASS" start="2026-07-15T07:17:59.277430" elapsed="0.001871"/>
</test>
<test id="s1-t4" name="Divide By Zero Raises" line="17">
<kw name="Run Keyword And Expect Error" owner="BuiltIn">
<kw name="Divide" owner="robot1.MathLibrary">
<msg time="2026-07-15T07:17:59.281811" level="FAIL">ValueError: Cannot divide by zero</msg>
<arg>10</arg>
<arg>0</arg>
<status status="FAIL" start="2026-07-15T07:17:59.281568" elapsed="0.000701">ValueError: Cannot divide by zero</status>
</kw>
<arg>ValueError: Cannot divide by zero</arg>
<arg>Divide</arg>
<arg>10</arg>
<arg>0</arg>
<doc>Runs the keyword and checks that the expected error occurred.</doc>
<status status="PASS" start="2026-07-15T07:17:59.280910" elapsed="0.001653"/>
</kw>
<status status="PASS" start="2026-07-15T07:17:59.279724" elapsed="0.003079"/>
</test>
<test id="s1-t5" name="Check Result Type" line="21">
<kw name="Add" owner="robot1.MathLibrary">
<msg time="2026-07-15T07:17:59.284566" level="INFO">${result} = 3.0</msg>
<var>${result}</var>
<arg>1</arg>
<arg>2</arg>
<status status="PASS" start="2026-07-15T07:17:59.284150" elapsed="0.000465"/>
</kw>
<kw name="Should Be Equal As Numbers" owner="BuiltIn">
<msg time="2026-07-15T07:17:59.285869" level="INFO">Argument types are:
&lt;class 'float'&gt;
&lt;class 'str'&gt;</msg>
<arg>${result}</arg>
<arg>3</arg>
<doc>Fails if objects are unequal after converting them to real numbers.</doc>
<status status="PASS" start="2026-07-15T07:17:59.285450" elapsed="0.000519"/>
</kw>
<status status="PASS" start="2026-07-15T07:17:59.283537" elapsed="0.002702"/>
</test>
<status status="PASS" start="2026-07-15T07:17:59.241017" elapsed="0.046076"/>
</suite>
<statistics>
<total>
<stat pass="5" fail="0" skip="0">All Tests</stat>
</total>
<tag>
</tag>
<suite>
<stat name="Robot11" id="s1" pass="5" fail="0" skip="0">Robot11</stat>
</suite>
</statistics>
<errors>
</errors>
</robot>
